[NODE_ID: 3 ][NType: VOTER][State: STARTED][Neighbors:  4 5 8 9 12 17 18 22 25 27 33 38 40 46 47 ][Clvls 1:64 2:74 ]
[NODE_ID: 5 ][NType: VOTER][State: STARTED][Neighbors:  3 6 7 13 14 17 22 23 26 28 33 39 44 49 ][Clvls 1:76 2:41 ]
[NODE_ID: 9 ][NType: VOTER][State: STARTED][Neighbors:  3 8 10 11 13 14 15 18 21 30 31 43 48 49 ][Clvls 1:94 2:85 ]
[NODE_ID: 19 ][NType: VOTER][State: STARTED][Neighbors:  4 6 10 12 21 23 25 27 29 35 36 40 42 47 48 50 ][Clvls 1:19 2:29 ]
[NODE_ID: 18 ][NType: VOTER][State: STARTED][Neighbors:  3 7 9 10 11 17 21 22 23 29 30 32 34 41 42 47 50 ][Clvls 1:22 2:20 ]
[NODE_ID: 17 ][NType: VOTER][State: STARTED][Neighbors:  3 5 6 8 11 18 22 23 25 26 30 32 39 40 46 48 ][Clvls 1:72 2:97 ]
[NODE_ID: 28 ][NType: VOTER][State: STARTED][Neighbors:  5 6 10 11 23 26 27 34 35 36 38 41 43 44 47 49 ][Clvls 1:53 2:27 ]
[NODE_ID: 31 ][NType: VOTER][State: STARTED][Neighbors:  6 9 10 20 24 25 26 30 33 34 35 36 39 43 44 46 49 50 ][Clvls 1:39 2:87 ]
[NODE_ID: 29 ][NType: VOTER][State: STARTED][Neighbors:  8 10 14 15 16 18 19 21 26 33 34 36 38 39 40 44 49 ][Clvls 1:7 2:34 ]
[NODE_ID: 34 ][NType: VOTER][State: STARTED][Neighbors:  6 7 8 14 16 18 23 25 28 29 31 33 35 37 42 44 47 50 ][Clvls 1:50 2:38 ]
[NODE_ID: 26 ][NType: VOTER][State: STARTED][Neighbors:  5 7 13 17 21 22 23 28 29 31 32 33 41 45 48 49 ][Clvls 1:30 2:41 ]
[NODE_ID: 35 ][NType: VOTER][State: STARTED][Neighbors:  7 10 14 15 16 19 21 28 30 31 32 34 37 43 44 46 47 49 ][Clvls 1:11 2:94 ]
[NODE_ID: 23 ][NType: VOTER][State: STARTED][Neighbors:  5 10 11 12 16 17 18 19 25 26 28 34 41 42 46 47 50 ][Clvls 1:36 2:67 ]
[NODE_ID: 25 ][NType: VOTER][State: STARTED][Neighbors:  3 17 19 22 23 31 34 36 38 39 40 42 45 46 48 ][Clvls 1:9 2:62 ]
[NODE_ID: 30 ][NType: VOTER][State: STARTED][Neighbors:  6 9 10 13 15 17 18 20 31 32 35 40 43 46 49 ][Clvls 1:38 2:54 ]
[NODE_ID: 37 ][NType: VOTER][State: STARTED][Neighbors:  4 6 12 14 16 27 32 34 35 38 41 42 43 45 48 50 ][Clvls 1:77 2:13 ]
[NODE_ID: 27 ][NType: VOTER][State: STARTED][Neighbors:  3 10 19 21 22 24 28 32 33 37 38 41 44 48 49 ][Clvls 1:34 2:87 ]
[NODE_ID: 42 ][NType: VOTER][State: STARTED][Neighbors:  10 12 15 18 19 23 25 34 36 37 38 39 40 48 49 ][Clvls 1:86 2:54 ]
[NODE_ID: 32 ][NType: VOTER][State: STARTED][Neighbors:  4 8 12 15 17 18 24 26 27 30 35 36 37 38 43 44 48 ][Clvls 1:17 2:28 ]
[NODE_ID: 36 ][NType: VOTER][State: STARTED][Neighbors:  8 10 11 13 15 19 21 25 28 29 31 32 33 38 42 43 45 47 49 50 ][Clvls 1:44 2:81 ]
[NODE_ID: 21 ][NType: VOTER][State: STARTED][Neighbors:  4 9 12 18 19 26 27 29 35 36 39 43 45 46 47 ][Clvls 1:16 2:26 ]
[NODE_ID: 24 ][NType: VOTER][State: STARTED][Neighbors:  4 12 13 15 20 27 31 32 33 44 46 48 ][Clvls 1:84 2:51 ]
[NODE_ID: 20 ][NType: VOTER][State: STARTED][Neighbors:  6 7 13 16 24 30 31 38 40 41 43 46 48 49 50 ][Clvls 1:64 2:52 ]
[NODE_ID: 16 ][NType: VOTER][State: STARTED][Neighbors:  6 11 13 14 20 23 29 33 34 35 37 38 43 45 48 ][Clvls 1:68 2:75 ]
[NODE_ID: 38 ][NType: VOTER][State: STARTED][Neighbors:  3 11 16 20 25 27 28 29 32 33 36 37 42 48 49 ][Clvls 1:21 2:15 ]
[NODE_ID: 12 ][NType: VOTER][State: STARTED][Neighbors:  3 4 7 19 21 23 24 32 33 37 39 42 43 44 46 47 ][Clvls 1:16 2:19 ]
[NODE_ID: 33 ][NType: VOTER][State: STARTED][Neighbors:  3 5 6 12 14 16 22 24 26 27 29 31 34 36 38 39 44 47 48 49 50 ][Clvls 1:34 2:76 ]
[NODE_ID: 13 ][NType: VOTER][State: STARTED][Neighbors:  5 9 15 16 20 24 26 30 36 39 41 43 45 48 50 ][Clvls 1:61 2:13 ]
[NODE_ID: 41 ][NType: VOTER][State: STARTED][Neighbors:  4 7 13 14 18 20 22 23 26 27 28 37 39 40 43 45 47 48 50 ][Clvls 1:30 2:6 ]
[NODE_ID: 39 ][NType: VOTER][State: STARTED][Neighbors:  4 5 7 12 13 17 21 22 25 29 31 33 41 42 46 ][Clvls 1:52 2:33 ]
[NODE_ID: 47 ][NType: VOTER][State: STARTED][Neighbors:  3 12 15 18 19 21 23 28 33 34 35 36 41 43 45 46 48 ][Clvls 1:46 2:87 ]
[NODE_ID: 11 ][NType: VOTER][State: STARTED][Neighbors:  4 9 14 16 17 18 23 28 36 38 40 43 44 45 ][Clvls 1:50 2:92 ]
[NODE_ID: 46 ][NType: VOTER][State: STARTED][Neighbors:  3 6 10 12 17 20 21 22 23 24 25 30 31 35 39 40 43 44 45 47 49 50 ][Clvls 1:34 2:85 ]
[NODE_ID: 22 ][NType: VOTER][State: STARTED][Neighbors:  3 5 6 8 14 15 17 18 25 26 27 33 39 41 46 48 ][Clvls 1:4 2:83 ]
[NODE_ID: 7 ][NType: VOTER][State: STARTED][Neighbors:  4 5 10 12 14 18 20 26 34 35 39 41 44 45 49 ][Clvls 1:46 2:5 ]
[NODE_ID: 49 ][NType: VOTER][State: STARTED][Neighbors:  5 6 7 8 9 20 26 27 28 29 30 31 33 35 36 38 42 44 46 ][Clvls 1:36 2:64 ]
[NODE_ID: 10 ][NType: VOTER][State: STARTED][Neighbors:  4 7 8 9 18 19 23 27 28 29 30 31 35 36 42 43 46 48 ][Clvls 1:33 2:38 ]
[NODE_ID: 15 ][NType: VOTER][State: STARTED][Neighbors:  9 13 14 22 24 29 30 32 35 36 40 42 44 47 ][Clvls 1:34 2:19 ]
[NODE_ID: 43 ][NType: VOTER][State: STARTED][Neighbors:  8 9 10 11 12 13 14 16 20 21 28 30 31 32 35 36 37 40 41 44 45 46 47 50 ][Clvls 1:24 2:8 ]
[NODE_ID: 14 ][NType: VOTER][State: STARTED][Neighbors:  5 7 8 9 11 15 16 22 29 33 34 35 37 40 41 43 48 50 ][Clvls 1:97 2:25 ]
[NODE_ID: 48 ][NType: VOTER][State: STARTED][Neighbors:  4 8 9 10 13 14 16 17 19 20 22 24 25 26 27 32 33 37 38 41 42 44 47 ][Clvls 1:75 2:10 ]
[NODE_ID: 45 ][NType: VOTER][State: STARTED][Neighbors:  7 11 13 16 21 25 26 36 37 40 41 43 46 47 50 ][Clvls 1:71 2:8 ]
[NODE_ID: 6 ][NType: VOTER][State: STARTED][Neighbors:  4 5 16 17 19 20 22 28 30 31 33 34 37 40 46 49 ][Clvls 1:1 2:54 ]
[NODE_ID: 50 ][NType: VOTER][State: STARTED][Neighbors:  8 13 14 18 19 20 23 31 33 34 36 37 41 43 44 45 46 ][Clvls 1:45 2:47 ]
[NODE_ID: 40 ][NType: VOTER][State: STARTED][Neighbors:  3 6 11 14 15 17 19 20 25 29 30 41 42 43 45 46 ][Clvls 1:80 2:34 ]
[NODE_ID: 8 ][NType: VOTER][State: STARTED][Neighbors:  3 4 9 10 14 17 22 29 32 34 36 43 48 49 50 ][Clvls 1:57 2:83 ]
[NODE_ID: 44 ][NType: VOTER][State: STARTED][Neighbors:  5 7 11 12 15 24 27 28 29 31 32 33 34 35 43 46 48 49 50 ][Clvls 1:39 2:93 ]
[NODE_ID: 4 ][NType: VOTER][State: STARTED][Neighbors:  3 6 7 8 10 11 12 19 21 24 32 37 39 41 48 ][Clvls 1:34 2:75 ]
[NODE_ID: 3 ][MType: IN][M_ID: 278ef8ab ][T: 10:34:04 ][SenderID: 0 ][S_ID: 0][LoggerCon FAILED]
ID: 3 Node exited.
Connection refused
[NODE_ID: 4 ][MType: IN][M_ID: 278ef8ab ][T: 10:34:04 ][SenderID: 0 ][S_ID: 0][LoggerCon FAILED]
ID: 4 Node exited.
Connection refused
[NODE_ID: 5 ][MType: IN][M_ID: 278ef8ab ][T: 10:34:04 ][SenderID: 0 ][S_ID: 0][LoggerCon FAILED]
ID: 5 Node exited.
Connection refused
[NODE_ID: 6 ][MType: IN][M_ID: 278ef8ab ][T: 10:34:04 ][SenderID: 0 ][S_ID: 0][LoggerCon FAILED]
ID: 6 Node exited.
Connection refused
[NODE_ID: 7 ][MType: IN][M_ID: 278ef8ab ][T: 10:34:04 ][SenderID: 0 ][S_ID: 0][LoggerCon FAILED]
ID: 7 Node exited.
Connection refused
[NODE_ID: 8 ][MType: IN][M_ID: 278ef8ab ][T: 10:34:04 ][SenderID: 0 ][S_ID: 0][LoggerCon FAILED]
ID: 8 Node exited.
Connection refused
[NODE_ID: 9 ][MType: IN][M_ID: 278ef8ab ][T: 10:34:04 ][SenderID: 0 ][S_ID: 0][LoggerCon FAILED]
ID: 9 Node exited.
Connection refused
[NODE_ID: 10 ][MType: IN][M_ID: 278ef8ab ][T: 10:34:04 ][SenderID: 0 ][S_ID: 0][LoggerCon FAILED]
ID: 10 Node exited.
Connection refused
[NODE_ID: 11 ][MType: IN][M_ID: 278ef8ab ][T: 10:34:04 ][SenderID: 0 ][S_ID: 0][LoggerCon FAILED]
ID: 11 Node exited.
Connection refused
[NODE_ID: 12 ][MType: IN][M_ID: 278ef8ab ][T: 10:34:04 ][SenderID: 0 ][S_ID: 0][LoggerCon FAILED]
ID: 12 Node exited.
Connection refused
[NODE_ID: 13 ][MType: IN][M_ID: 278ef8ab ][T: 10:34:04 ][SenderID: 0 ][S_ID: 0][LoggerCon FAILED]
ID: 13 Node exited.
Connection refused
[NODE_ID: 14 ][MType: IN][M_ID: 278ef8ab ][T: 10:34:04 ][SenderID: 0 ][S_ID: 0][LoggerCon FAILED]
ID: 14 Node exited.
Connection refused
[NODE_ID: 15 ][MType: IN][M_ID: 278ef8ab ][T: 10:34:04 ][SenderID: 0 ][S_ID: 0][LoggerCon FAILED]
ID: 15 Node exited.
Connection refused
[NODE_ID: 16 ][MType: IN][M_ID: 278ef8ab ][T: 10:34:04 ][SenderID: 0 ][S_ID: 0][LoggerCon FAILED]
ID: 16 Node exited.
Connection refused
[NODE_ID: 17 ][MType: IN][M_ID: 278ef8ab ][T: 10:34:04 ][SenderID: 0 ][S_ID: 0][LoggerCon FAILED]
ID: 17 Node exited.
Connection refused
[NODE_ID: 18 ][MType: IN][M_ID: 278ef8ab ][T: 10:34:04 ][SenderID: 0 ][S_ID: 0][LoggerCon FAILED]
ID: 18 Node exited.
Connection refused
[NODE_ID: 19 ][MType: IN][M_ID: 278ef8ab ][T: 10:34:04 ][SenderID: 0 ][S_ID: 0][LoggerCon FAILED]
ID: 19 Node exited.
Connection refused
[NODE_ID: 21 ][MType: IN][M_ID: 278ef8ab ][T: 10:34:04 ][SenderID: 0 ][S_ID: 0][LoggerCon FAILED]
[NODE_ID: 20 ][MType: IN][M_ID: 278ef8ab ][T: 10:34:04 ][SenderID: 0 ][S_ID: 0][LoggerCon FAILED]
ID: 21 Node exited.
Connection refused
ID: 20 Node exited.
Connection refused
[NODE_ID: 22 ][MType: IN][M_ID: 278ef8ab ][T: 10:34:04 ][SenderID: 0 ][S_ID: 0][LoggerCon FAILED]
ID: 22 Node exited.
Connection refused
[NODE_ID: 23 ][MType: IN][M_ID: 278ef8ab ][T: 10:34:04 ][SenderID: 0 ][S_ID: 0][LoggerCon FAILED]
[NODE_ID: 24 ][MType: IN][M_ID: 278ef8ab ][T: 10:34:04 ][SenderID: 0 ][S_ID: 0][LoggerCon FAILED]
ID: 23 Node exited.
Connection refused
ID: 24 Node exited.
Connection refused
[NODE_ID: 25 ][MType: IN][M_ID: 278ef8ab ][T: 10:34:04 ][SenderID: 0 ][S_ID: 0][LoggerCon FAILED]
ID: 25 Node exited.
Connection refused
[NODE_ID: 27 ][MType: IN][M_ID: 278ef8ab ][T: 10:34:04 ][SenderID: 0 ][S_ID: 0][LoggerCon FAILED]
ID: 27 Node exited.
Connection refused
[NODE_ID: 28 ][MType: IN][M_ID: 278ef8ab ][T: 10:34:04 ][SenderID: 0 ][S_ID: 0][LoggerCon FAILED]
ID: 28 Node exited.
Connection refused
[NODE_ID: 26 ][MType: IN][M_ID: 278ef8ab ][T: 10:34:04 ][SenderID: 0 ][S_ID: 0][LoggerCon FAILED]
ID: 26 Node exited.
Connection refused
[NODE_ID: 29 ][MType: IN][M_ID: 278ef8ab ][T: 10:34:04 ][SenderID: 0 ][S_ID: 0][LoggerCon FAILED]
ID: 29 Node exited.
Connection refused
[NODE_ID: 30 ][MType: IN][M_ID: 278ef8ab ][T: 10:34:04 ][SenderID: 0 ][S_ID: 0][LoggerCon FAILED]
ID: 30 Node exited.
Connection refused
[NODE_ID: 31 ][MType: IN][M_ID: 278ef8ab ][T: 10:34:04 ][SenderID: 0 ][S_ID: 0][LoggerCon FAILED]
ID: 31 Node exited.
Connection refused
[NODE_ID: 32 ][MType: IN][M_ID: 278ef8ab ][T: 10:34:04 ][SenderID: 0 ][S_ID: 0][LoggerCon FAILED]
ID: 32 Node exited.
Connection refused
[NODE_ID: 33 ][MType: IN][M_ID: 278ef8ab ][T: 10:34:04 ][SenderID: 0 ][S_ID: 0][LoggerCon FAILED]
ID: 33 Node exited.
Connection refused
[NODE_ID: 34 ][MType: IN][M_ID: 278ef8ab ][T: 10:34:04 ][SenderID: 0 ][S_ID: 0][LoggerCon FAILED]
ID: 34 Node exited.
Connection refused
[NODE_ID: 35 ][MType: IN][M_ID: 278ef8ab ][T: 10:34:04 ][SenderID: 0 ][S_ID: 0][LoggerCon FAILED]
ID: 35 Node exited.
Connection refused
[NODE_ID: 36 ][MType: IN][M_ID: 278ef8ab ][T: 10:34:04 ][SenderID: 0 ][S_ID: 0][LoggerCon FAILED]
ID: 36 Node exited.
Connection refused
[NODE_ID: 39 ][MType: IN][M_ID: 278ef8ab ][T: 10:34:04 ][SenderID: 0 ][S_ID: 0][LoggerCon FAILED]
[NODE_ID: 38 ][MType: IN][M_ID: 278ef8ab ][T: 10:34:04 ][SenderID: 0 ][S_ID: 0][LoggerCon FAILED]
ID: 39 Node exited.
Connection refused
ID: 38 Node exited.
Connection refused
[NODE_ID: 40 ][MType: IN][M_ID: 278ef8ab ][T: 10:34:04 ][SenderID: 0 ][S_ID: 0][LoggerCon FAILED]
ID: 40 Node exited.
Connection refused
[NODE_ID: 41 ][MType: IN][M_ID: 278ef8ab ][T: 10:34:04 ][SenderID: 0 ][S_ID: 0][LoggerCon FAILED]
ID: 41 Node exited.
Connection refused
[NODE_ID: 42 ][MType: IN][M_ID: 278ef8ab ][T: 10:34:04 ][SenderID: 0 ][S_ID: 0][LoggerCon FAILED]
ID: 42 Node exited.
Connection refused
[NODE_ID: 37 ][MType: IN][M_ID: 278ef8ab ][T: 10:34:04 ][SenderID: 0 ][S_ID: 0][LoggerCon FAILED]
ID: 37 Node exited.
Connection refused
[NODE_ID: 44 ][MType: IN][M_ID: 278ef8ab ][T: 10:34:04 ][SenderID: 0 ][S_ID: 0][LoggerCon FAILED]
ID: 44 Node exited.
Connection refused
[NODE_ID: 45 ][MType: IN][M_ID: 278ef8ab ][T: 10:34:04 ][SenderID: 0 ][S_ID: 0][LoggerCon FAILED]
ID: 45 Node exited.
Connection refused
[NODE_ID: 43 ][MType: IN][M_ID: 278ef8ab ][T: 10:34:04 ][SenderID: 0 ][S_ID: 0][LoggerCon FAILED]
ID: 43 Node exited.
Connection refused
[NODE_ID: 46 ][MType: IN][M_ID: 278ef8ab ][T: 10:34:04 ][SenderID: 0 ][S_ID: 0][LoggerCon FAILED]
ID: 46 Node exited.
Connection refused
[NODE_ID: 48 ][MType: IN][M_ID: 278ef8ab ][T: 10:34:04 ][SenderID: 0 ][S_ID: 0][LoggerCon FAILED]
ID: 48 Node exited.
Connection refused
[NODE_ID: 49 ][MType: IN][M_ID: 278ef8ab ][T: 10:34:04 ][SenderID: 0 ][S_ID: 0][LoggerCon FAILED]
ID: 49 Node exited.
Connection refused
[NODE_ID: 47 ][MType: IN][M_ID: 278ef8ab ][T: 10:34:04 ][SenderID: 0 ][S_ID: 0][LoggerCon FAILED]
ID: 47 Node exited.
Connection refused
[NODE_ID: 50 ][MType: IN][M_ID: 278ef8ab ][T: 10:34:04 ][SenderID: 0 ][S_ID: 0][LoggerCon FAILED]
ID: 50 Node exited.
Connection refused
[NODE_ID: 3 ][NType: VOTER][State: STARTED][Neighbors:  4 7 8 10 13 15 23 25 31 35 38 39 45 46 48 ][Clvls 1:39 2:44 ]
[NODE_ID: 4 ][NType: VOTER][State: STARTED][Neighbors:  3 5 6 8 11 15 20 21 22 25 26 32 34 38 46 ][Clvls 1:41 2:61 ]
[NODE_ID: 9 ][NType: VOTER][State: STARTED][Neighbors:  5 7 10 12 14 15 16 18 22 24 34 40 42 43 49 ][Clvls 1:79 2:49 ]
[NODE_ID: 10 ][NType: VOTER][State: STARTED][Neighbors:  3 5 6 8 9 11 12 18 19 20 25 26 27 33 36 42 43 46 50 ][Clvls 1:37 2:35 ]
[NODE_ID: 13 ][NType: VOTER][State: STARTED][Neighbors:  3 5 8 11 14 21 26 29 30 34 35 36 37 39 41 43 ][Clvls 1:23 2:89 ]
[NODE_ID: 17 ][NType: VOTER][State: STARTED][Neighbors:  8 11 12 15 18 23 26 28 29 30 31 32 33 35 36 39 40 ][Clvls 1:68 2:18 ]
[NODE_ID: 11 ][NType: VOTER][State: STARTED][Neighbors:  4 5 6 10 13 17 20 21 22 26 31 32 34 38 44 46 48 50 ][Clvls 1:62 2:12 ]
[NODE_ID: 14 ][NType: VOTER][State: STARTED][Neighbors:  5 9 12 13 15 16 23 24 25 26 31 34 37 39 40 41 44 47 ][Clvls 1:66 2:4 ]
[NODE_ID: 21 ][NType: VOTER][State: STARTED][Neighbors:  4 7 8 11 12 13 15 16 20 26 27 29 31 32 33 37 40 43 45 48 49 ][Clvls 1:34 2:31 ]
[NODE_ID: 15 ][NType: VOTER][State: STARTED][Neighbors:  3 4 8 9 12 14 16 17 21 23 25 26 29 30 31 35 36 47 ][Clvls 1:23 2:2 ]
[NODE_ID: 26 ][NType: VOTER][State: STARTED][Neighbors:  4 5 10 11 12 13 14 15 16 17 21 24 31 32 33 35 37 39 41 43 44 46 49 ][Clvls 1:100 2:35 ]
[NODE_ID: 5 ][NType: VOTER][State: STARTED][Neighbors:  4 9 10 11 13 14 18 20 25 26 33 35 42 48 50 ][Clvls 1:1 2:17 ]
[NODE_ID: 6 ][NType: VOTER][State: STARTED][Neighbors:  4 10 11 19 23 27 28 29 35 37 39 40 47 49 ][Clvls 1:45 2:26 ]
[NODE_ID: 23 ][NType: VOTER][State: STARTED][Neighbors:  3 6 7 12 14 15 17 18 20 25 27 32 37 39 40 41 42 44 47 48 50 ][Clvls 1:5 2:5 ]
[NODE_ID: 18 ][NType: VOTER][State: STARTED][Neighbors:  5 9 10 12 16 17 23 28 29 32 33 36 37 43 44 46 49 ][Clvls 1:45 2:29 ]
[NODE_ID: 24 ][NType: VOTER][State: STARTED][Neighbors:  9 14 16 22 25 26 27 29 30 31 33 34 41 43 ][Clvls 1:53 2:95 ]
[NODE_ID: 39 ][NType: VOTER][State: STARTED][Neighbors:  3 6 7 8 13 14 17 20 23 26 27 30 32 34 36 38 40 45 46 47 48 49 50 ][Clvls 1:85 2:17 ]
[NODE_ID: 27 ][NType: VOTER][State: STARTED][Neighbors:  6 10 16 19 21 23 24 28 29 30 31 37 39 48 50 ][Clvls 1:11 2:7 ]
[NODE_ID: 29 ][NType: VOTER][State: STARTED][Neighbors:  6 12 13 15 17 18 20 21 22 24 25 27 32 33 36 37 38 43 46 48 49 ][Clvls 1:23 2:14 ]
[NODE_ID: 28 ][NType: VOTER][State: STARTED][Neighbors:  6 8 12 16 17 18 27 30 34 38 42 44 46 48 ][Clvls 1:100 2:2 ]
[NODE_ID: 45 ][NType: VOTER][State: STARTED][Neighbors:  3 12 21 25 32 33 35 36 38 39 41 44 49 ][Clvls 1:85 2:36 ]
[NODE_ID: 33 ][NType: VOTER][State: STARTED][Neighbors:  5 7 10 16 17 18 21 22 24 25 26 29 30 34 35 36 37 42 43 44 45 48 ][Clvls 1:55 2:52 ]
[NODE_ID: 35 ][NType: VOTER][State: STARTED][Neighbors:  3 5 6 12 13 15 16 17 19 20 22 26 32 33 36 37 40 41 43 45 46 50 ][Clvls 1:65 2:43 ]
[NODE_ID: 49 ][NType: VOTER][State: STARTED][Neighbors:  6 7 9 18 21 25 26 29 30 34 39 44 45 46 47 ][Clvls 1:24 2:13 ]
[NODE_ID: 37 ][NType: VOTER][State: STARTED][Neighbors:  6 7 12 13 14 18 21 23 26 27 29 33 35 41 42 43 44 46 50 ][Clvls 1:58 2:79 ]
[NODE_ID: 32 ][NType: VOTER][State: STARTED][Neighbors:  4 8 11 17 18 19 21 23 26 29 34 35 36 39 44 45 46 50 ][Clvls 1:69 2:3 ]
[NODE_ID: 41 ][NType: VOTER][State: STARTED][Neighbors:  7 13 14 19 23 24 26 31 35 36 37 44 45 47 ][Clvls 1:16 2:38 ]
[NODE_ID: 40 ][NType: VOTER][State: STARTED][Neighbors:  6 7 9 14 17 19 21 23 25 35 36 38 39 47 48 50 ][Clvls 1:51 2:71 ]
[NODE_ID: 25 ][NType: VOTER][State: STARTED][Neighbors:  3 4 5 8 10 14 15 22 23 24 29 31 33 34 40 42 45 46 47 49 ][Clvls 1:46 2:93 ]
[NODE_ID: 19 ][NType: VOTER][State: STARTED][Neighbors:  6 10 16 20 27 31 32 35 38 40 41 43 50 ][Clvls 1:68 2:44 ]
[NODE_ID: 16 ][NType: VOTER][State: STARTED][Neighbors:  8 9 14 15 18 19 21 24 26 27 28 33 35 36 38 46 ][Clvls 1:87 2:68 ]
[NODE_ID: 43 ][NType: VOTER][State: STARTED][Neighbors:  9 10 12 13 18 19 20 21 22 24 26 29 33 35 37 38 47 48 50 ][Clvls 1:67 2:9 ]
[NODE_ID: 30 ][NType: VOTER][State: STARTED][Neighbors:  13 15 17 24 27 28 31 33 39 44 46 47 49 ][Clvls 1:95 2:14 ]
[NODE_ID: 22 ][NType: VOTER][State: STARTED][Neighbors:  4 8 9 11 24 25 29 33 35 42 43 46 47 ][Clvls 1:54 2:99 ]
[NODE_ID: 31 ][NType: VOTER][State: STARTED][Neighbors:  3 7 11 14 15 17 19 21 24 25 26 27 30 34 36 38 41 44 46 48 ][Clvls 1:85 2:22 ]
[NODE_ID: 46 ][NType: VOTER][State: STARTED][Neighbors:  3 4 7 8 10 11 16 18 22 25 26 28 29 30 31 32 34 35 37 39 42 47 49 50 ][Clvls 1:100 2:94 ]
[NODE_ID: 12 ][NType: VOTER][State: STARTED][Neighbors:  7 8 9 10 14 15 17 18 21 23 26 28 29 35 37 38 43 45 ][Clvls 1:79 2:18 ]
[NODE_ID: 50 ][NType: VOTER][State: STARTED][Neighbors:  5 10 11 19 20 23 27 32 35 37 39 40 42 43 46 48 ][Clvls 1:69 2:57 ]
[NODE_ID: 38 ][NType: VOTER][State: STARTED][Neighbors:  3 4 11 12 16 19 20 28 29 31 36 39 40 43 44 45 ][Clvls 1:51 2:51 ]
[NODE_ID: 42 ][NType: VOTER][State: STARTED][Neighbors:  5 9 10 22 23 25 28 33 34 36 37 46 48 50 ][Clvls 1:26 2:53 ]
[NODE_ID: 7 ][NType: VOTER][State: STARTED][Neighbors:  3 9 12 21 23 31 33 37 39 40 41 46 47 48 49 ][Clvls 1:95 2:92 ]
[NODE_ID: 48 ][NType: VOTER][State: STARTED][Neighbors:  3 5 7 11 21 23 27 28 29 31 33 34 36 39 40 42 43 44 50 ][Clvls 1:11 2:32 ]
[NODE_ID: 8 ][NType: VOTER][State: STARTED][Neighbors:  3 4 10 12 13 15 16 17 21 22 25 28 32 39 46 47 ][Clvls 1:13 2:60 ]
[NODE_ID: 47 ][NType: VOTER][State: STARTED][Neighbors:  6 7 8 14 15 22 23 25 30 34 39 40 41 43 44 46 49 ][Clvls 1:44 2:83 ]
[NODE_ID: 20 ][NType: VOTER][State: STARTED][Neighbors:  4 5 10 11 19 21 23 29 35 36 38 39 43 44 50 ][Clvls 1:46 2:33 ]
[NODE_ID: 36 ][NType: VOTER][State: STARTED][Neighbors:  10 13 15 16 17 18 20 29 31 32 33 34 35 38 39 40 41 42 45 48 ][Clvls 1:68 2:15 ]
[NODE_ID: 44 ][NType: VOTER][State: STARTED][Neighbors:  11 14 18 20 23 26 28 30 31 32 33 37 38 41 45 47 48 49 ][Clvls 1:2 2:39 ]
[NODE_ID: 34 ][NType: VOTER][State: STARTED][Neighbors:  4 9 11 13 14 24 25 28 31 32 33 36 39 42 46 47 48 49 ][Clvls 1:59 2:47 ]
ID: 8 Node exited.
Success
ID: 20 Node exited.
Success
ID: 3 Node exited.
Success
ID: 6 Node exited.
Success
ID: 30 Node exited.
Success
ID: 41 Node exited.
Success
ID: 40 Node exited.
Success
ID: 45 Node exited.
Success
ID: 39 Node exited.
Success
ID: 23 Node exited.
Success
ID: 49 Node exited.
Success
ID: 48 Node exited.
Success
ID: 9 Node exited.
Success
ID: 43 Node exited.
Success
ID: 46 Node exited.
Success
ID: 33 Node exited.
Success
ID: 31 Node exited.
Success
ID: 21 Node exited.
Success
ID: 22 Node exited.
Success
ID: 24 Node exited.
Success
ID: 19 Node exited.
Success
ID: 14 Node exited.
Success
ID: 5 Node exited.
Success
ID: 42 Node exited.
Success
ID: 27 Node exited.
Success
ID: 38 Node exited.
Success
ID: 7 Node exited.
Success
ID: 16 Node exited.
Success
ID: 34 Node exited.
Success
ID: 50 Node exited.
Success
ID: 17 Node exited.
Success
ID: 28 Node exited.
Success
ID: 35 Node exited.
Success
ID: 47 Node exited.
Success
ID: 11 Node exited.
Success
ID: 18 Node exited.
Success
ID: 25 Node exited.
Success
ID: 26 Node exited.
ID: 13 Node exited.
Success
Success
ID: 44 Node exited.
Success
ID: 32 Node exited.
Success
ID: 12 Node exited.
Success
ID: 10 Node exited.
Success
ID: 37 Node exited.
Success
ID: 36 Node exited.
Success
ID: 15 Node exited.
Success
ID: 4 Node exited.
Success
ID: 29 Node exited.
Success
[NODE_ID: 3 ][NType: VOTER][State: STARTED][Neighbors:  4 5 7 11 12 13 17 18 19 20 29 32 37 42 49 ][Clvls 1:69 2:74 ]
[NODE_ID: 13 ][NType: VOTER][State: STARTED][Neighbors:  3 6 10 12 14 16 17 19 20 22 27 33 38 41 46 49 ][Clvls 1:11 2:16 ]
[NODE_ID: 15 ][NType: VOTER][State: STARTED][Neighbors:  5 7 10 14 19 21 23 27 29 31 32 35 40 42 47 48 50 ][Clvls 1:43 2:82 ]
[NODE_ID: 10 ][NType: VOTER][State: STARTED][Neighbors:  6 8 13 14 15 16 17 19 21 22 38 41 43 45 ][Clvls 1:88 2:98 ]
[NODE_ID: 11 ][NType: VOTER][State: STARTED][Neighbors:  3 5 6 7 9 12 16 21 25 26 31 32 34 36 38 41 47 ][Clvls 1:50 2:11 ]
[NODE_ID: 6 ][NType: VOTER][State: STARTED][Neighbors:  4 5 10 11 12 13 16 18 25 32 33 34 37 41 42 47 ][Clvls 1:21 2:29 ]
[NODE_ID: 21 ][NType: VOTER][State: STARTED][Neighbors:  4 10 11 15 17 25 26 27 33 39 41 45 47 49 ][Clvls 1:33 2:53 ]
[NODE_ID: 19 ][NType: VOTER][State: STARTED][Neighbors:  3 4 8 9 10 12 13 14 15 20 26 28 29 30 32 34 42 43 45 50 ][Clvls 1:65 2:68 ]
[NODE_ID: 22 ][NType: VOTER][State: STARTED][Neighbors:  5 7 8 10 13 18 25 27 28 30 31 32 34 36 42 43 45 46 ][Clvls 1:11 2:8 ]
[NODE_ID: 38 ][NType: VOTER][State: STARTED][Neighbors:  5 8 9 10 11 13 14 16 17 27 28 32 36 40 44 50 ][Clvls 1:29 2:85 ]
[NODE_ID: 14 ][NType: VOTER][State: STARTED][Neighbors:  5 7 10 13 15 19 24 26 27 28 34 37 38 41 45 46 49 50 ][Clvls 1:50 2:3 ]
[NODE_ID: 23 ][NType: VOTER][State: STARTED][Neighbors:  7 9 15 24 28 33 35 36 39 42 45 ][Clvls 1:60 2:24 ]
[NODE_ID: 43 ][NType: VOTER][State: STARTED][Neighbors:  4 7 8 10 18 19 20 22 32 33 34 35 37 39 40 45 49 ][Clvls 1:90 2:84 ]
[NODE_ID: 31 ][NType: VOTER][State: STARTED][Neighbors:  4 5 11 12 15 18 20 22 25 26 28 32 33 36 37 39 41 45 49 50 ][Clvls 1:94 2:72 ]
[NODE_ID: 9 ][NType: VOTER][State: STARTED][Neighbors:  4 7 8 11 17 19 20 23 25 26 28 34 37 38 39 40 42 ][Clvls 1:24 2:39 ]
[NODE_ID: 26 ][NType: VOTER][State: STARTED][Neighbors:  5 9 11 14 19 21 27 30 31 37 39 42 46 47 48 ][Clvls 1:15 2:29 ]
[NODE_ID: 18 ][NType: VOTER][State: STARTED][Neighbors:  3 5 6 16 22 25 27 31 33 35 37 40 41 43 44 46 50 ][Clvls 1:18 2:16 ]
[NODE_ID: 49 ][NType: VOTER][State: STARTED][Neighbors:  3 12 13 14 21 24 25 29 30 31 43 44 45 47 48 ][Clvls 1:100 2:42 ]
[NODE_ID: 30 ][NType: VOTER][State: STARTED][Neighbors:  5 16 19 22 24 26 27 29 33 39 41 42 47 48 49 ][Clvls 1:14 2:86 ]
[NODE_ID: 17 ][NType: VOTER][State: STARTED][Neighbors:  3 5 9 10 13 21 24 27 28 35 38 42 45 50 ][Clvls 1:96 2:46 ]
[NODE_ID: 7 ][NType: VOTER][State: STARTED][Neighbors:  3 4 9 11 14 15 16 20 22 23 32 33 34 41 43 47 ][Clvls 1:15 2:99 ]
[NODE_ID: 50 ][NType: VOTER][State: STARTED][Neighbors:  12 14 15 16 17 18 19 31 32 34 38 39 40 44 47 48 ][Clvls 1:21 2:55 ]
[NODE_ID: 33 ][NType: VOTER][State: STARTED][Neighbors:  4 6 7 12 13 16 18 21 23 24 27 29 30 31 34 35 37 39 40 43 45 46 47 ][Clvls 1:19 2:54 ]
[NODE_ID: 29 ][NType: VOTER][State: STARTED][Neighbors:  3 4 8 15 16 19 25 30 33 35 36 37 39 41 48 49 ][Clvls 1:85 2:59 ]
[NODE_ID: 28 ][NType: VOTER][State: STARTED][Neighbors:  8 9 14 17 19 22 23 31 32 34 35 38 40 41 ][Clvls 1:89 2:56 ]
[NODE_ID: 5 ][NType: VOTER][State: STARTED][Neighbors:  3 6 8 11 12 14 15 17 18 22 26 30 31 38 ][Clvls 1:45 2:64 ]
[NODE_ID: 32 ][NType: VOTER][State: STARTED][Neighbors:  3 6 7 11 12 15 19 20 22 24 25 28 31 35 38 39 41 42 43 44 48 50 ][Clvls 1:32 2:97 ]
[NODE_ID: 35 ][NType: VOTER][State: STARTED][Neighbors:  4 8 12 15 16 17 18 23 25 27 28 29 32 33 39 40 43 45 47 ][Clvls 1:92 2:4 ]
[NODE_ID: 34 ][NType: VOTER][State: STARTED][Neighbors:  6 7 9 11 14 16 19 20 22 28 33 42 43 45 48 50 ][Clvls 1:75 2:13 ]
[NODE_ID: 27 ][NType: VOTER][State: STARTED][Neighbors:  13 14 15 17 18 20 21 22 24 26 30 33 35 37 38 40 44 46 ][Clvls 1:30 2:36 ]
[NODE_ID: 25 ][NType: VOTER][State: STARTED][Neighbors:  6 9 11 18 20 21 22 29 31 32 35 36 41 42 44 46 49 ][Clvls 1:43 2:73 ]
[NODE_ID: 39 ][NType: VOTER][State: STARTED][Neighbors:  9 20 21 23 26 29 30 31 32 33 35 37 43 44 45 47 48 50 ][Clvls 1:75 2:9 ]
[NODE_ID: 37 ][NType: VOTER][State: STARTED][Neighbors:  3 6 9 12 14 18 26 27 29 31 33 39 43 45 47 48 ][Clvls 1:98 2:16 ]
[NODE_ID: 12 ][NType: VOTER][State: STARTED][Neighbors:  3 5 6 11 13 19 20 31 32 33 35 37 40 41 48 49 50 ][Clvls 1:20 2:55 ]
[NODE_ID: 44 ][NType: VOTER][State: STARTED][Neighbors:  4 18 25 27 32 38 39 40 48 49 50 ][Clvls 1:74 2:19 ]
[NODE_ID: 16 ][NType: VOTER][State: STARTED][Neighbors:  6 7 10 11 13 18 24 29 30 33 34 35 36 38 50 ][Clvls 1:86 2:28 ]
[NODE_ID: 41 ][NType: VOTER][State: STARTED][Neighbors:  4 6 7 10 11 12 13 14 18 20 21 24 25 28 29 30 31 32 36 42 46 47 ][Clvls 1:87 2:39 ]
[NODE_ID: 46 ][NType: VOTER][State: STARTED][Neighbors:  13 14 18 20 22 25 26 27 33 40 41 47 48 ][Clvls 1:87 2:78 ]
[NODE_ID: 36 ][NType: VOTER][State: STARTED][Neighbors:  4 8 11 16 22 23 25 29 31 38 41 42 45 48 ][Clvls 1:16 2:11 ]
[NODE_ID: 20 ][NType: VOTER][State: STARTED][Neighbors:  3 7 9 12 13 19 24 25 27 31 32 34 39 41 43 46 ][Clvls 1:93 2:23 ]
[NODE_ID: 42 ][NType: VOTER][State: STARTED][Neighbors:  3 6 9 15 17 19 22 23 24 25 26 30 32 34 36 41 47 48 ][Clvls 1:42 2:61 ]
[NODE_ID: 40 ][NType: VOTER][State: STARTED][Neighbors:  4 9 12 15 18 27 28 33 35 38 43 44 46 48 50 ][Clvls 1:78 2:45 ]
[NODE_ID: 24 ][NType: VOTER][State: STARTED][Neighbors:  8 14 16 17 20 23 27 30 32 33 41 42 47 49 ][Clvls 1:66 2:1 ]
[NODE_ID: 8 ][NType: VOTER][State: STARTED][Neighbors:  5 9 10 19 22 24 28 29 35 36 38 43 45 47 ][Clvls 1:36 2:25 ]
[NODE_ID: 47 ][NType: VOTER][State: STARTED][Neighbors:  6 7 8 11 15 21 24 26 30 33 35 37 39 41 42 46 48 49 50 ][Clvls 1:97 2:25 ]
[NODE_ID: 45 ][NType: VOTER][State: STARTED][Neighbors:  8 10 14 17 19 21 22 23 31 33 34 35 36 37 39 43 48 49 ][Clvls 1:87 2:1 ]
[NODE_ID: 4 ][NType: VOTER][State: STARTED][Neighbors:  3 6 7 9 19 21 29 31 33 35 36 40 41 43 44 ][Clvls 1:72 2:99 ]
[NODE_ID: 48 ][NType: VOTER][State: STARTED][Neighbors:  12 15 26 29 30 32 34 36 37 39 40 42 44 45 46 47 49 50 ][Clvls 1:32 2:92 ]
[NODE_ID: 3 ][MType: IN][M_ID: fdffe92e ][T: 11:08:47 ][SenderID: 0 ][S_ID: 0][LoggerCon FAILED]
ID: 3 Node exited.
Connection refused
[NODE_ID: 4 ][MType: IN][M_ID: fdffe92e ][T: 11:08:47 ][SenderID: 0 ][S_ID: 0][LoggerCon FAILED]
ID: 4 Node exited.
Connection refused
[NODE_ID: 5 ][MType: IN][M_ID: fdffe92e ][T: 11:08:47 ][SenderID: 0 ][S_ID: 0][LoggerCon FAILED]
ID: 5 Node exited.
Connection refused
[NODE_ID: 6 ][MType: IN][M_ID: fdffe92e ][T: 11:08:47 ][SenderID: 0 ][S_ID: 0][LoggerCon FAILED]
ID: 6 Node exited.
Connection refused
[NODE_ID: 7 ][MType: IN][M_ID: fdffe92e ][T: 11:08:47 ][SenderID: 0 ][S_ID: 0][LoggerCon FAILED]
ID: 7 Node exited.
Connection refused
[NODE_ID: 8 ][MType: IN][M_ID: fdffe92e ][T: 11:08:47 ][SenderID: 0 ][S_ID: 0][LoggerCon FAILED]
ID: 8 Node exited.
Connection refused
[NODE_ID: 9 ][MType: IN][M_ID: fdffe92e ][T: 11:08:47 ][SenderID: 0 ][S_ID: 0][LoggerCon FAILED]
ID: 9 Node exited.
Connection refused
[NODE_ID: 10 ][MType: IN][M_ID: fdffe92e ][T: 11:08:47 ][SenderID: 0 ][S_ID: 0][LoggerCon FAILED]
ID: 10 Node exited.
Connection refused
[NODE_ID: 11 ][MType: IN][M_ID: fdffe92e ][T: 11:08:47 ][SenderID: 0 ][S_ID: 0][LoggerCon FAILED]
ID: 11 Node exited.
Connection refused
[NODE_ID: 12 ][MType: IN][M_ID: fdffe92e ][T: 11:08:47 ][SenderID: 0 ][S_ID: 0][LoggerCon FAILED]
ID: 12 Node exited.
Connection refused
[NODE_ID: 13 ][MType: IN][M_ID: fdffe92e ][T: 11:08:47 ][SenderID: 0 ][S_ID: 0][LoggerCon FAILED]
ID: 13 Node exited.
Connection refused
[NODE_ID: 14 ][MType: IN][M_ID: fdffe92e ][T: 11:08:47 ][SenderID: 0 ][S_ID: 0][LoggerCon FAILED]
ID: 14 Node exited.
Connection refused
[NODE_ID: 15 ][MType: IN][M_ID: fdffe92e ][T: 11:08:47 ][SenderID: 0 ][S_ID: 0][LoggerCon FAILED]
ID: 15 Node exited.
Connection refused
[NODE_ID: 16 ][MType: IN][M_ID: fdffe92e ][T: 11:08:47 ][SenderID: 0 ][S_ID: 0][LoggerCon FAILED]
ID: 16 Node exited.
Connection refused
[NODE_ID: 17 ][MType: IN][M_ID: fdffe92e ][T: 11:08:47 ][SenderID: 0 ][S_ID: 0][LoggerCon FAILED]
ID: 17 Node exited.
Connection refused
[NODE_ID: 18 ][MType: IN][M_ID: fdffe92e ][T: 11:08:47 ][SenderID: 0 ][S_ID: 0][LoggerCon FAILED]
ID: 18 Node exited.
Connection refused
[NODE_ID: 19 ][MType: IN][M_ID: fdffe92e ][T: 11:08:47 ][SenderID: 0 ][S_ID: 0][LoggerCon FAILED]
ID: 19 Node exited.
Connection refused
[NODE_ID: 20 ][MType: IN][M_ID: fdffe92e ][T: 11:08:47 ][SenderID: 0 ][S_ID: 0][LoggerCon FAILED]
ID: 20 Node exited.
Connection refused
[NODE_ID: 21 ][MType: IN][M_ID: fdffe92e ][T: 11:08:47 ][SenderID: 0 ][S_ID: 0][LoggerCon FAILED]
ID: 21 Node exited.
Connection refused
[NODE_ID: 22 ][MType: IN][M_ID: fdffe92e ][T: 11:08:47 ][SenderID: 0 ][S_ID: 0][LoggerCon FAILED]
ID: 22 Node exited.
Connection refused
[NODE_ID: 23 ][MType: IN][M_ID: fdffe92e ][T: 11:08:47 ][SenderID: 0 ][S_ID: 0][LoggerCon FAILED]
ID: 23 Node exited.
Connection refused
[NODE_ID: 24 ][MType: IN][M_ID: fdffe92e ][T: 11:08:47 ][SenderID: 0 ][S_ID: 0][LoggerCon FAILED]
ID: 24 Node exited.
Connection refused
[NODE_ID: 25 ][MType: IN][M_ID: fdffe92e ][T: 11:08:47 ][SenderID: 0 ][S_ID: 0][LoggerCon FAILED]
ID: 25 Node exited.
Connection refused
[NODE_ID: 26 ][MType: IN][M_ID: fdffe92e ][T: 11:08:47 ][SenderID: 0 ][S_ID: 0][LoggerCon FAILED]
ID: 26 Node exited.
Connection refused
[NODE_ID: 27 ][MType: IN][M_ID: fdffe92e ][T: 11:08:47 ][SenderID: 0 ][S_ID: 0][LoggerCon FAILED]
ID: 27 Node exited.
Connection refused
[NODE_ID: 28 ][MType: IN][M_ID: fdffe92e ][T: 11:08:47 ][SenderID: 0 ][S_ID: 0][LoggerCon FAILED]
ID: 28 Node exited.
Connection refused
[NODE_ID: 29 ][MType: IN][M_ID: fdffe92e ][T: 11:08:47 ][SenderID: 0 ][S_ID: 0][LoggerCon FAILED]
ID: 29 Node exited.
Connection refused
[NODE_ID: 30 ][MType: IN][M_ID: fdffe92e ][T: 11:08:47 ][SenderID: 0 ][S_ID: 0][LoggerCon FAILED]
ID: 30 Node exited.
Connection refused
[NODE_ID: 31 ][MType: IN][M_ID: fdffe92e ][T: 11:08:47 ][SenderID: 0 ][S_ID: 0][LoggerCon FAILED]
ID: 31 Node exited.
Connection refused
[NODE_ID: 32 ][MType: IN][M_ID: fdffe92e ][T: 11:08:47 ][SenderID: 0 ][S_ID: 0][LoggerCon FAILED]
[NODE_ID: 33 ][MType: IN][M_ID: fdffe92e ][T: 11:08:47 ][SenderID: 0 ][S_ID: 0][LoggerCon FAILED]
ID: 32 Node exited.
ID: 33 Node exited.
Connection refused
Connection refused
[NODE_ID: 34 ][MType: IN][M_ID: fdffe92e ][T: 11:08:47 ][SenderID: 0 ][S_ID: 0][LoggerCon FAILED]
ID: 34 Node exited.
Connection refused
[NODE_ID: 35 ][MType: IN][M_ID: fdffe92e ][T: 11:08:47 ][SenderID: 0 ][S_ID: 0][LoggerCon FAILED]
ID: 35 Node exited.
Connection refused
[NODE_ID: 36 ][MType: IN][M_ID: fdffe92e ][T: 11:08:47 ][SenderID: 0 ][S_ID: 0][LoggerCon FAILED]
ID: 36 Node exited.
Connection refused
[NODE_ID: 37 ][MType: IN][M_ID: fdffe92e ][T: 11:08:47 ][SenderID: 0 ][S_ID: 0][LoggerCon FAILED]
ID: 37 Node exited.
Connection refused
[NODE_ID: 38 ][MType: IN][M_ID: fdffe92e ][T: 11:08:47 ][SenderID: 0 ][S_ID: 0][LoggerCon FAILED]
ID: 38 Node exited.
Connection refused
[NODE_ID: 39 ][MType: IN][M_ID: fdffe92e ][T: 11:08:47 ][SenderID: 0 ][S_ID: 0][LoggerCon FAILED]
ID: 39 Node exited.
Connection refused
[NODE_ID: 40 ][MType: IN][M_ID: fdffe92e ][T: 11:08:47 ][SenderID: 0 ][S_ID: 0][LoggerCon FAILED]
ID: 40 Node exited.
Connection refused
[NODE_ID: 41 ][MType: IN][M_ID: fdffe92e ][T: 11:08:47 ][SenderID: 0 ][S_ID: 0][LoggerCon FAILED]
ID: 41 Node exited.
Connection refused
[NODE_ID: 42 ][MType: IN][M_ID: fdffe92e ][T: 11:08:47 ][SenderID: 0 ][S_ID: 0][LoggerCon FAILED]
ID: 42 Node exited.
Connection refused
[NODE_ID: 43 ][MType: IN][M_ID: fdffe92e ][T: 11:08:47 ][SenderID: 0 ][S_ID: 0][LoggerCon FAILED]
ID: 43 Node exited.
Connection refused
[NODE_ID: 44 ][MType: IN][M_ID: fdffe92e ][T: 11:08:47 ][SenderID: 0 ][S_ID: 0][LoggerCon FAILED]
ID: 44 Node exited.
Connection refused
[NODE_ID: 45 ][MType: IN][M_ID: fdffe92e ][T: 11:08:47 ][SenderID: 0 ][S_ID: 0][LoggerCon FAILED]
ID: 45 Node exited.
Connection refused
[NODE_ID: 46 ][MType: IN][M_ID: fdffe92e ][T: 11:08:47 ][SenderID: 0 ][S_ID: 0][LoggerCon FAILED]
ID: 46 Node exited.
Connection refused
[NODE_ID: 47 ][MType: IN][M_ID: fdffe92e ][T: 11:08:47 ][SenderID: 0 ][S_ID: 0][LoggerCon FAILED]
ID: 47 Node exited.
Connection refused
[NODE_ID: 48 ][MType: IN][M_ID: fdffe92e ][T: 11:08:47 ][SenderID: 0 ][S_ID: 0][LoggerCon FAILED]
ID: 48 Node exited.
Connection refused
[NODE_ID: 49 ][MType: IN][M_ID: fdffe92e ][T: 11:08:47 ][SenderID: 0 ][S_ID: 0][LoggerCon FAILED]
ID: 49 Node exited.
Connection refused
[NODE_ID: 50 ][MType: IN][M_ID: fdffe92e ][T: 11:08:47 ][SenderID: 0 ][S_ID: 0][LoggerCon FAILED]
ID: 50 Node exited.
Connection refused
